This is pdfTeX, Version 3.1415926-2.5-1.40.14 (TeX Live 2013) (format=pdftex 2017.1.17)  26 NOV 2018 09:39
entering extended mode
 restricted \write18 enabled.
 %&-line parsing enabled.
**problems7.tex
(./problems7.tex
Overfull \hbox (14.56886pt too wide) in paragraph at lines 88--99
\tenit In the sec-ond pic-ture clas-si-cal equa-tions of mo-tion Equa-tions of 
mo-tion are $[]$|

\hbox(17.50014+12.50015)x391.46176, glue set - 1.0
.\tenit I
.\tenit n
.\glue 3.57774 plus 1.53333 minus 1.0222
.\tenit t
.\tenit h
.etc.


Overfull \hbox (10.72293pt too wide) detected at line 125
\tensy H \tenrm = \tensy H\tenrm (\teni c; c[]\tenrm ) = [] \teni E[]c[]c[] ;  
[]\tensy f\teni c[]; c[]\tensy g \tenrm = \tensy f\teni c[]; c[]\tensy g \tenrm
 = 0 \teni ;  \tensy f\teni c[]; c[]\tensy g \tenrm = []\teni ^^N[] :|

\hbox(13.20952+12.79865)x391.46176
.\tensy H
.\kern0.09653
.\glue(\thickmuskip) 2.77771 plus 2.77771
.\tenrm =
.\glue(\thickmuskip) 2.77771 plus 2.77771
.etc.

[1{/usr/share/texlive/texmf/fonts/map/pdftex/updmap/pdftex.map}] [2] )</usr/sha
re/texlive/texmf-dist/fonts/type1/public/amsfonts/cm/cmbx10.pfb></usr/share/tex
live/texmf-dist/fonts/type1/public/amsfonts/cm/cmex10.pfb></usr/share/texlive/t
exmf-dist/fonts/type1/public/amsfonts/cm/cmmi10.pfb></usr/share/texlive/texmf-d
ist/fonts/type1/public/amsfonts/cm/cmmi5.pfb></usr/share/texlive/texmf-dist/fon
ts/type1/public/amsfonts/cm/cmmi7.pfb></usr/share/texlive/texmf-dist/fonts/type
1/public/amsfonts/cm/cmr10.pfb></usr/share/texlive/texmf-dist/fonts/type1/publi
c/amsfonts/cm/cmr7.pfb></usr/share/texlive/texmf-dist/fonts/type1/public/amsfon
ts/cm/cmsy10.pfb></usr/share/texlive/texmf-dist/fonts/type1/public/amsfonts/cm/
cmsy7.pfb></usr/share/texlive/texmf-dist/fonts/type1/public/amsfonts/cm/cmti10.
pfb></usr/share/texlive/texmf-dist/fonts/type1/public/amsfonts/cm/cmtt10.pfb>
Output written on problems7.pdf (2 pages, 123263 bytes).
PDF statistics:
 55 PDF objects out of 1000 (max. 8388607)
 39 compressed objects within 1 object stream
 0 named destinations out of 1000 (max. 500000)
 1 words of extra memory for PDF output out of 10000 (max. 10000000)

